\BOOKMARK [0][-]{chapter.1}{\376\377\0001\000\040\000F\000i\000l\000e\000\040\000I\000n\000d\000e\000x}{}% 1
\BOOKMARK [1][-]{section.1.1}{\376\377\0001\000.\0001\000\040\000F\000i\000l\000e\000\040\000L\000i\000s\000t}{chapter.1}% 2
\BOOKMARK [0][-]{chapter.2}{\376\377\0002\000\040\000F\000i\000l\000e\000\040\000D\000o\000c\000u\000m\000e\000n\000t\000a\000t\000i\000o\000n}{}% 3
\BOOKMARK [1][-]{section.2.1}{\376\377\0002\000.\0001\000\040\000h\000a\000l\000/\000s\000p\000i\000/\000s\000p\000i\000.\000c\000\040\000F\000i\000l\000e\000\040\000R\000e\000f\000e\000r\000e\000n\000c\000e}{chapter.2}% 4
\BOOKMARK [2][-]{subsection.2.1.1}{\376\377\0002\000.\0001\000.\0001\000\040\000D\000e\000t\000a\000i\000l\000e\000d\000\040\000D\000e\000s\000c\000r\000i\000p\000t\000i\000o\000n}{section.2.1}% 5
\BOOKMARK [2][-]{subsection.2.1.2}{\376\377\0002\000.\0001\000.\0002\000\040\000F\000u\000n\000c\000t\000i\000o\000n\000\040\000D\000o\000c\000u\000m\000e\000n\000t\000a\000t\000i\000o\000n}{section.2.1}% 6
\BOOKMARK [3][-]{subsubsection.2.1.2.1}{\376\377\0002\000.\0001\000.\0002\000.\0001\000\040\000\137\000\137\000a\000t\000t\000r\000i\000b\000u\000t\000e\000\137\000\137\000\050\000\051}{subsection.2.1.2}% 7
\BOOKMARK [1][-]{section.2.2}{\376\377\0002\000.\0002\000\040\000s\000p\000i\000.\000c}{chapter.2}% 8
\BOOKMARK [1][-]{section.2.3}{\376\377\0002\000.\0003\000\040\000h\000a\000l\000/\000s\000p\000i\000/\000s\000p\000i\000.\000h\000\040\000F\000i\000l\000e\000\040\000R\000e\000f\000e\000r\000e\000n\000c\000e}{chapter.2}% 9
\BOOKMARK [2][-]{subsection.2.3.1}{\376\377\0002\000.\0003\000.\0001\000\040\000D\000e\000t\000a\000i\000l\000e\000d\000\040\000D\000e\000s\000c\000r\000i\000p\000t\000i\000o\000n}{section.2.3}% 10
\BOOKMARK [2][-]{subsection.2.3.2}{\376\377\0002\000.\0003\000.\0002\000\040\000F\000u\000n\000c\000t\000i\000o\000n\000\040\000D\000o\000c\000u\000m\000e\000n\000t\000a\000t\000i\000o\000n}{section.2.3}% 11
\BOOKMARK [3][-]{subsubsection.2.3.2.1}{\376\377\0002\000.\0003\000.\0002\000.\0001\000\040\000S\000P\000P\000\137\000H\000A\000L\000\137\000S\000P\000I\000\137\000B\000u\000s\000I\000n\000i\000t\000\050\000\051}{subsection.2.3.2}% 12
\BOOKMARK [3][-]{subsubsection.2.3.2.2}{\376\377\0002\000.\0003\000.\0002\000.\0002\000\040\000S\000P\000P\000\137\000H\000A\000L\000\137\000S\000P\000I\000\137\000D\000e\000v\000i\000c\000e\000I\000n\000i\000t\000\050\000\051}{subsection.2.3.2}% 13
\BOOKMARK [3][-]{subsubsection.2.3.2.3}{\376\377\0002\000.\0003\000.\0002\000.\0003\000\040\000S\000P\000P\000\137\000H\000A\000L\000\137\000S\000P\000I\000\137\000G\000e\000t\000H\000a\000n\000d\000l\000e\000r\000\050\000\051}{subsection.2.3.2}% 14
\BOOKMARK [3][-]{subsubsection.2.3.2.4}{\376\377\0002\000.\0003\000.\0002\000.\0004\000\040\000S\000P\000P\000\137\000H\000A\000L\000\137\000S\000P\000I\000\137\000T\000r\000a\000n\000s\000m\000i\000t\000\050\000\051}{subsection.2.3.2}% 15
\BOOKMARK [1][-]{section.2.4}{\376\377\0002\000.\0004\000\040\000s\000p\000i\000.\000h}{chapter.2}% 16
\BOOKMARK [1][-]{section.2.5}{\376\377\0002\000.\0005\000\040\000o\000s\000a\000l\000/\000m\000u\000t\000e\000x\000.\000c\000\040\000F\000i\000l\000e\000\040\000R\000e\000f\000e\000r\000e\000n\000c\000e}{chapter.2}% 17
\BOOKMARK [2][-]{subsection.2.5.1}{\376\377\0002\000.\0005\000.\0001\000\040\000D\000e\000t\000a\000i\000l\000e\000d\000\040\000D\000e\000s\000c\000r\000i\000p\000t\000i\000o\000n}{section.2.5}% 18
\BOOKMARK [2][-]{subsection.2.5.2}{\376\377\0002\000.\0005\000.\0002\000\040\000F\000u\000n\000c\000t\000i\000o\000n\000\040\000D\000o\000c\000u\000m\000e\000n\000t\000a\000t\000i\000o\000n}{section.2.5}% 19
\BOOKMARK [3][-]{subsubsection.2.5.2.1}{\376\377\0002\000.\0005\000.\0002\000.\0001\000\040\000\137\000\137\000a\000t\000t\000r\000i\000b\000u\000t\000e\000\137\000\137\000\050\000\051}{subsection.2.5.2}% 20
\BOOKMARK [1][-]{section.2.6}{\376\377\0002\000.\0006\000\040\000m\000u\000t\000e\000x\000.\000c}{chapter.2}% 21
\BOOKMARK [1][-]{section.2.7}{\376\377\0002\000.\0007\000\040\000o\000s\000a\000l\000/\000m\000u\000t\000e\000x\000.\000h\000\040\000F\000i\000l\000e\000\040\000R\000e\000f\000e\000r\000e\000n\000c\000e}{chapter.2}% 22
\BOOKMARK [2][-]{subsection.2.7.1}{\376\377\0002\000.\0007\000.\0001\000\040\000D\000e\000t\000a\000i\000l\000e\000d\000\040\000D\000e\000s\000c\000r\000i\000p\000t\000i\000o\000n}{section.2.7}% 23
\BOOKMARK [2][-]{subsection.2.7.2}{\376\377\0002\000.\0007\000.\0002\000\040\000T\000y\000p\000e\000d\000e\000f\000\040\000D\000o\000c\000u\000m\000e\000n\000t\000a\000t\000i\000o\000n}{section.2.7}% 24
\BOOKMARK [3][-]{subsubsection.2.7.2.1}{\376\377\0002\000.\0007\000.\0002\000.\0001\000\040\000o\000s\000a\000l\000\137\000m\000u\000t\000e\000x\000\137\000h\000a\000n\000d\000l\000e\000\137\000t}{subsection.2.7.2}% 25
\BOOKMARK [2][-]{subsection.2.7.3}{\376\377\0002\000.\0007\000.\0003\000\040\000E\000n\000u\000m\000e\000r\000a\000t\000i\000o\000n\000\040\000T\000y\000p\000e\000\040\000D\000o\000c\000u\000m\000e\000n\000t\000a\000t\000i\000o\000n}{section.2.7}% 26
\BOOKMARK [3][-]{subsubsection.2.7.3.1}{\376\377\0002\000.\0007\000.\0003\000.\0001\000\040\000o\000s\000a\000l\000\137\000m\000u\000t\000e\000x\000\137\000t\000y\000p\000e\000\137\000t}{subsection.2.7.3}% 27
\BOOKMARK [2][-]{subsection.2.7.4}{\376\377\0002\000.\0007\000.\0004\000\040\000F\000u\000n\000c\000t\000i\000o\000n\000\040\000D\000o\000c\000u\000m\000e\000n\000t\000a\000t\000i\000o\000n}{section.2.7}% 28
\BOOKMARK [3][-]{subsubsection.2.7.4.1}{\376\377\0002\000.\0007\000.\0004\000.\0001\000\040\000O\000S\000A\000L\000\137\000M\000u\000t\000e\000x\000C\000r\000e\000a\000t\000e\000\050\000\051}{subsection.2.7.4}% 29
\BOOKMARK [3][-]{subsubsection.2.7.4.2}{\376\377\0002\000.\0007\000.\0004\000.\0002\000\040\000O\000S\000A\000L\000\137\000M\000u\000t\000e\000x\000D\000e\000l\000e\000t\000e\000\050\000\051}{subsection.2.7.4}% 30
\BOOKMARK [3][-]{subsubsection.2.7.4.3}{\376\377\0002\000.\0007\000.\0004\000.\0003\000\040\000O\000S\000A\000L\000\137\000M\000u\000t\000e\000x\000G\000e\000t\000H\000o\000l\000d\000e\000r\000\050\000\051}{subsection.2.7.4}% 31
\BOOKMARK [3][-]{subsubsection.2.7.4.4}{\376\377\0002\000.\0007\000.\0004\000.\0004\000\040\000O\000S\000A\000L\000\137\000M\000u\000t\000e\000x\000G\000i\000v\000e\000\050\000\051}{subsection.2.7.4}% 32
\BOOKMARK [3][-]{subsubsection.2.7.4.5}{\376\377\0002\000.\0007\000.\0004\000.\0005\000\040\000O\000S\000A\000L\000\137\000M\000u\000t\000e\000x\000I\000s\000H\000e\000l\000d\000B\000y\000C\000u\000r\000r\000e\000n\000t\000T\000a\000s\000k\000\050\000\051}{subsection.2.7.4}% 33
\BOOKMARK [3][-]{subsubsection.2.7.4.6}{\376\377\0002\000.\0007\000.\0004\000.\0006\000\040\000O\000S\000A\000L\000\137\000M\000u\000t\000e\000x\000T\000a\000k\000e\000\050\000\051}{subsection.2.7.4}% 34
\BOOKMARK [3][-]{subsubsection.2.7.4.7}{\376\377\0002\000.\0007\000.\0004\000.\0007\000\040\000O\000S\000A\000L\000\137\000M\000u\000t\000e\000x\000T\000r\000y\000T\000a\000k\000e\000\050\000\051}{subsection.2.7.4}% 35
\BOOKMARK [1][-]{section.2.8}{\376\377\0002\000.\0008\000\040\000m\000u\000t\000e\000x\000.\000h}{chapter.2}% 36
\BOOKMARK [1][-]{section.2.9}{\376\377\0002\000.\0009\000\040\000o\000s\000a\000l\000/\000o\000s\000a\000l\000.\000c\000\040\000F\000i\000l\000e\000\040\000R\000e\000f\000e\000r\000e\000n\000c\000e}{chapter.2}% 37
\BOOKMARK [2][-]{subsection.2.9.1}{\376\377\0002\000.\0009\000.\0001\000\040\000D\000e\000t\000a\000i\000l\000e\000d\000\040\000D\000e\000s\000c\000r\000i\000p\000t\000i\000o\000n}{section.2.9}% 38
\BOOKMARK [2][-]{subsection.2.9.2}{\376\377\0002\000.\0009\000.\0002\000\040\000F\000u\000n\000c\000t\000i\000o\000n\000\040\000D\000o\000c\000u\000m\000e\000n\000t\000a\000t\000i\000o\000n}{section.2.9}% 39
\BOOKMARK [3][-]{subsubsection.2.9.2.1}{\376\377\0002\000.\0009\000.\0002\000.\0001\000\040\000\137\000\137\000a\000t\000t\000r\000i\000b\000u\000t\000e\000\137\000\137\000\050\000\051}{subsection.2.9.2}% 40
\BOOKMARK [1][-]{section.2.10}{\376\377\0002\000.\0001\0000\000\040\000o\000s\000a\000l\000.\000c}{chapter.2}% 41
\BOOKMARK [1][-]{section.2.11}{\376\377\0002\000.\0001\0001\000\040\000o\000s\000a\000l\000/\000o\000s\000a\000l\000.\000h\000\040\000F\000i\000l\000e\000\040\000R\000e\000f\000e\000r\000e\000n\000c\000e}{chapter.2}% 42
\BOOKMARK [2][-]{subsection.2.11.1}{\376\377\0002\000.\0001\0001\000.\0001\000\040\000D\000e\000t\000a\000i\000l\000e\000d\000\040\000D\000e\000s\000c\000r\000i\000p\000t\000i\000o\000n}{section.2.11}% 43
\BOOKMARK [2][-]{subsection.2.11.2}{\376\377\0002\000.\0001\0001\000.\0002\000\040\000T\000y\000p\000e\000d\000e\000f\000\040\000D\000o\000c\000u\000m\000e\000n\000t\000a\000t\000i\000o\000n}{section.2.11}% 44
\BOOKMARK [3][-]{subsubsection.2.11.2.1}{\376\377\0002\000.\0001\0001\000.\0002\000.\0001\000\040\000o\000s\000a\000l\000\137\000m\000u\000t\000e\000x\000\137\000h\000a\000n\000d\000l\000e\000\137\000t}{subsection.2.11.2}% 45
\BOOKMARK [3][-]{subsubsection.2.11.2.2}{\376\377\0002\000.\0001\0001\000.\0002\000.\0002\000\040\000o\000s\000a\000l\000\137\000q\000u\000e\000u\000e\000\137\000h\000a\000n\000d\000l\000e\000\137\000t}{subsection.2.11.2}% 46
\BOOKMARK [3][-]{subsubsection.2.11.2.3}{\376\377\0002\000.\0001\0001\000.\0002\000.\0003\000\040\000o\000s\000a\000l\000\137\000s\000e\000m\000a\000p\000h\000o\000r\000e\000\137\000h\000a\000n\000d\000l\000e\000\137\000t}{subsection.2.11.2}% 47
\BOOKMARK [3][-]{subsubsection.2.11.2.4}{\376\377\0002\000.\0001\0001\000.\0002\000.\0004\000\040\000o\000s\000a\000l\000\137\000t\000a\000s\000k\000\137\000f\000u\000n\000c\000t\000i\000o\000n\000\137\000t}{subsection.2.11.2}% 48
\BOOKMARK [3][-]{subsubsection.2.11.2.5}{\376\377\0002\000.\0001\0001\000.\0002\000.\0005\000\040\000o\000s\000a\000l\000\137\000t\000a\000s\000k\000\137\000h\000a\000n\000d\000l\000e\000\137\000t}{subsection.2.11.2}% 49
\BOOKMARK [2][-]{subsection.2.11.3}{\376\377\0002\000.\0001\0001\000.\0003\000\040\000E\000n\000u\000m\000e\000r\000a\000t\000i\000o\000n\000\040\000T\000y\000p\000e\000\040\000D\000o\000c\000u\000m\000e\000n\000t\000a\000t\000i\000o\000n}{section.2.11}% 50
\BOOKMARK [3][-]{subsubsection.2.11.3.1}{\376\377\0002\000.\0001\0001\000.\0003\000.\0001\000\040\000o\000s\000a\000l\000\137\000p\000r\000i\000o\000r\000i\000t\000y\000\137\000t}{subsection.2.11.3}% 51
\BOOKMARK [2][-]{subsection.2.11.4}{\376\377\0002\000.\0001\0001\000.\0004\000\040\000F\000u\000n\000c\000t\000i\000o\000n\000\040\000D\000o\000c\000u\000m\000e\000n\000t\000a\000t\000i\000o\000n}{section.2.11}% 52
\BOOKMARK [3][-]{subsubsection.2.11.4.1}{\376\377\0002\000.\0001\0001\000.\0004\000.\0001\000\040\000O\000S\000A\000L\000\137\000D\000e\000i\000n\000i\000t\000\050\000\051}{subsection.2.11.4}% 53
\BOOKMARK [3][-]{subsubsection.2.11.4.2}{\376\377\0002\000.\0001\0001\000.\0004\000.\0002\000\040\000O\000S\000A\000L\000\137\000G\000e\000t\000T\000i\000c\000k\000C\000o\000u\000n\000t\000\050\000\051}{subsection.2.11.4}% 54
\BOOKMARK [3][-]{subsubsection.2.11.4.3}{\376\377\0002\000.\0001\0001\000.\0004\000.\0003\000\040\000O\000S\000A\000L\000\137\000I\000n\000i\000t\000\050\000\051}{subsection.2.11.4}% 55
\BOOKMARK [3][-]{subsubsection.2.11.4.4}{\376\377\0002\000.\0001\0001\000.\0004\000.\0004\000\040\000O\000S\000A\000L\000\137\000M\000s\000T\000o\000T\000i\000c\000k\000s\000\050\000\051}{subsection.2.11.4}% 56
\BOOKMARK [3][-]{subsubsection.2.11.4.5}{\376\377\0002\000.\0001\0001\000.\0004\000.\0005\000\040\000O\000S\000A\000L\000\137\000M\000u\000t\000e\000x\000C\000r\000e\000a\000t\000e\000\050\000\051}{subsection.2.11.4}% 57
\BOOKMARK [3][-]{subsubsection.2.11.4.6}{\376\377\0002\000.\0001\0001\000.\0004\000.\0006\000\040\000O\000S\000A\000L\000\137\000M\000u\000t\000e\000x\000D\000e\000l\000e\000t\000e\000\050\000\051}{subsection.2.11.4}% 58
\BOOKMARK [3][-]{subsubsection.2.11.4.7}{\376\377\0002\000.\0001\0001\000.\0004\000.\0007\000\040\000O\000S\000A\000L\000\137\000M\000u\000t\000e\000x\000G\000i\000v\000e\000\050\000\051}{subsection.2.11.4}% 59
\BOOKMARK [3][-]{subsubsection.2.11.4.8}{\376\377\0002\000.\0001\0001\000.\0004\000.\0008\000\040\000O\000S\000A\000L\000\137\000M\000u\000t\000e\000x\000T\000a\000k\000e\000\050\000\051}{subsection.2.11.4}% 60
\BOOKMARK [3][-]{subsubsection.2.11.4.9}{\376\377\0002\000.\0001\0001\000.\0004\000.\0009\000\040\000O\000S\000A\000L\000\137\000Q\000u\000e\000u\000e\000C\000r\000e\000a\000t\000e\000\050\000\051}{subsection.2.11.4}% 61
\BOOKMARK [3][-]{subsubsection.2.11.4.10}{\376\377\0002\000.\0001\0001\000.\0004\000.\0001\0000\000\040\000O\000S\000A\000L\000\137\000Q\000u\000e\000u\000e\000D\000e\000l\000e\000t\000e\000\050\000\051}{subsection.2.11.4}% 62
\BOOKMARK [3][-]{subsubsection.2.11.4.11}{\376\377\0002\000.\0001\0001\000.\0004\000.\0001\0001\000\040\000O\000S\000A\000L\000\137\000Q\000u\000e\000u\000e\000R\000e\000c\000e\000i\000v\000e\000\050\000\051}{subsection.2.11.4}% 63
\BOOKMARK [3][-]{subsubsection.2.11.4.12}{\376\377\0002\000.\0001\0001\000.\0004\000.\0001\0002\000\040\000O\000S\000A\000L\000\137\000Q\000u\000e\000u\000e\000S\000e\000n\000d\000\050\000\051}{subsection.2.11.4}% 64
\BOOKMARK [3][-]{subsubsection.2.11.4.13}{\376\377\0002\000.\0001\0001\000.\0004\000.\0001\0003\000\040\000O\000S\000A\000L\000\137\000S\000e\000m\000a\000p\000h\000o\000r\000e\000C\000r\000e\000a\000t\000e\000\050\000\051}{subsection.2.11.4}% 65
\BOOKMARK [3][-]{subsubsection.2.11.4.14}{\376\377\0002\000.\0001\0001\000.\0004\000.\0001\0004\000\040\000O\000S\000A\000L\000\137\000S\000e\000m\000a\000p\000h\000o\000r\000e\000D\000e\000l\000e\000t\000e\000\050\000\051}{subsection.2.11.4}% 66
\BOOKMARK [3][-]{subsubsection.2.11.4.15}{\376\377\0002\000.\0001\0001\000.\0004\000.\0001\0005\000\040\000O\000S\000A\000L\000\137\000S\000e\000m\000a\000p\000h\000o\000r\000e\000G\000i\000v\000e\000\050\000\051}{subsection.2.11.4}% 67
\BOOKMARK [3][-]{subsubsection.2.11.4.16}{\376\377\0002\000.\0001\0001\000.\0004\000.\0001\0006\000\040\000O\000S\000A\000L\000\137\000S\000e\000m\000a\000p\000h\000o\000r\000e\000T\000a\000k\000e\000\050\000\051}{subsection.2.11.4}% 68
\BOOKMARK [3][-]{subsubsection.2.11.4.17}{\376\377\0002\000.\0001\0001\000.\0004\000.\0001\0007\000\040\000O\000S\000A\000L\000\137\000S\000t\000a\000r\000t\000S\000c\000h\000e\000d\000u\000l\000e\000r\000\050\000\051}{subsection.2.11.4}% 69
\BOOKMARK [3][-]{subsubsection.2.11.4.18}{\376\377\0002\000.\0001\0001\000.\0004\000.\0001\0008\000\040\000O\000S\000A\000L\000\137\000T\000a\000s\000k\000C\000r\000e\000a\000t\000e\000\050\000\051}{subsection.2.11.4}% 70
\BOOKMARK [3][-]{subsubsection.2.11.4.19}{\376\377\0002\000.\0001\0001\000.\0004\000.\0001\0009\000\040\000O\000S\000A\000L\000\137\000T\000a\000s\000k\000D\000e\000l\000a\000y\000\050\000\051}{subsection.2.11.4}% 71
\BOOKMARK [3][-]{subsubsection.2.11.4.20}{\376\377\0002\000.\0001\0001\000.\0004\000.\0002\0000\000\040\000O\000S\000A\000L\000\137\000T\000a\000s\000k\000D\000e\000l\000e\000t\000e\000\050\000\051}{subsection.2.11.4}% 72
\BOOKMARK [1][-]{section.2.12}{\376\377\0002\000.\0001\0002\000\040\000o\000s\000a\000l\000.\000h}{chapter.2}% 73
\BOOKMARK [1][-]{section.2.13}{\376\377\0002\000.\0001\0003\000\040\000o\000s\000a\000l\000/\000q\000u\000e\000u\000e\000.\000c\000\040\000F\000i\000l\000e\000\040\000R\000e\000f\000e\000r\000e\000n\000c\000e}{chapter.2}% 74
\BOOKMARK [2][-]{subsection.2.13.1}{\376\377\0002\000.\0001\0003\000.\0001\000\040\000D\000e\000t\000a\000i\000l\000e\000d\000\040\000D\000e\000s\000c\000r\000i\000p\000t\000i\000o\000n}{section.2.13}% 75
\BOOKMARK [2][-]{subsection.2.13.2}{\376\377\0002\000.\0001\0003\000.\0002\000\040\000F\000u\000n\000c\000t\000i\000o\000n\000\040\000D\000o\000c\000u\000m\000e\000n\000t\000a\000t\000i\000o\000n}{section.2.13}% 76
\BOOKMARK [3][-]{subsubsection.2.13.2.1}{\376\377\0002\000.\0001\0003\000.\0002\000.\0001\000\040\000\137\000\137\000a\000t\000t\000r\000i\000b\000u\000t\000e\000\137\000\137\000\050\000\051}{subsection.2.13.2}% 77
\BOOKMARK [1][-]{section.2.14}{\376\377\0002\000.\0001\0004\000\040\000q\000u\000e\000u\000e\000.\000c}{chapter.2}% 78
\BOOKMARK [1][-]{section.2.15}{\376\377\0002\000.\0001\0005\000\040\000o\000s\000a\000l\000/\000q\000u\000e\000u\000e\000.\000h\000\040\000F\000i\000l\000e\000\040\000R\000e\000f\000e\000r\000e\000n\000c\000e}{chapter.2}% 79
\BOOKMARK [2][-]{subsection.2.15.1}{\376\377\0002\000.\0001\0005\000.\0001\000\040\000D\000e\000t\000a\000i\000l\000e\000d\000\040\000D\000e\000s\000c\000r\000i\000p\000t\000i\000o\000n}{section.2.15}% 80
\BOOKMARK [2][-]{subsection.2.15.2}{\376\377\0002\000.\0001\0005\000.\0002\000\040\000T\000y\000p\000e\000d\000e\000f\000\040\000D\000o\000c\000u\000m\000e\000n\000t\000a\000t\000i\000o\000n}{section.2.15}% 81
\BOOKMARK [3][-]{subsubsection.2.15.2.1}{\376\377\0002\000.\0001\0005\000.\0002\000.\0001\000\040\000o\000s\000a\000l\000\137\000q\000u\000e\000u\000e\000\137\000h\000a\000n\000d\000l\000e\000\137\000t}{subsection.2.15.2}% 82
\BOOKMARK [2][-]{subsection.2.15.3}{\376\377\0002\000.\0001\0005\000.\0003\000\040\000F\000u\000n\000c\000t\000i\000o\000n\000\040\000D\000o\000c\000u\000m\000e\000n\000t\000a\000t\000i\000o\000n}{section.2.15}% 83
\BOOKMARK [3][-]{subsubsection.2.15.3.1}{\376\377\0002\000.\0001\0005\000.\0003\000.\0001\000\040\000O\000S\000A\000L\000\137\000Q\000u\000e\000u\000e\000C\000r\000e\000a\000t\000e\000\050\000\051}{subsection.2.15.3}% 84
\BOOKMARK [3][-]{subsubsection.2.15.3.2}{\376\377\0002\000.\0001\0005\000.\0003\000.\0002\000\040\000O\000S\000A\000L\000\137\000Q\000u\000e\000u\000e\000D\000e\000l\000e\000t\000e\000\050\000\051}{subsection.2.15.3}% 85
\BOOKMARK [3][-]{subsubsection.2.15.3.3}{\376\377\0002\000.\0001\0005\000.\0003\000.\0003\000\040\000O\000S\000A\000L\000\137\000Q\000u\000e\000u\000e\000G\000e\000t\000C\000o\000u\000n\000t\000\050\000\051}{subsection.2.15.3}% 86
\BOOKMARK [3][-]{subsubsection.2.15.3.4}{\376\377\0002\000.\0001\0005\000.\0003\000.\0004\000\040\000O\000S\000A\000L\000\137\000Q\000u\000e\000u\000e\000G\000e\000t\000S\000p\000a\000c\000e\000\050\000\051}{subsection.2.15.3}% 87
\BOOKMARK [3][-]{subsubsection.2.15.3.5}{\376\377\0002\000.\0001\0005\000.\0003\000.\0005\000\040\000O\000S\000A\000L\000\137\000Q\000u\000e\000u\000e\000I\000s\000E\000m\000p\000t\000y\000\050\000\051}{subsection.2.15.3}% 88
\BOOKMARK [3][-]{subsubsection.2.15.3.6}{\376\377\0002\000.\0001\0005\000.\0003\000.\0006\000\040\000O\000S\000A\000L\000\137\000Q\000u\000e\000u\000e\000I\000s\000F\000u\000l\000l\000\050\000\051}{subsection.2.15.3}% 89
\BOOKMARK [3][-]{subsubsection.2.15.3.7}{\376\377\0002\000.\0001\0005\000.\0003\000.\0007\000\040\000O\000S\000A\000L\000\137\000Q\000u\000e\000u\000e\000P\000e\000e\000k\000\050\000\051}{subsection.2.15.3}% 90
\BOOKMARK [3][-]{subsubsection.2.15.3.8}{\376\377\0002\000.\0001\0005\000.\0003\000.\0008\000\040\000O\000S\000A\000L\000\137\000Q\000u\000e\000u\000e\000R\000e\000c\000e\000i\000v\000e\000\050\000\051}{subsection.2.15.3}% 91
\BOOKMARK [3][-]{subsubsection.2.15.3.9}{\376\377\0002\000.\0001\0005\000.\0003\000.\0009\000\040\000O\000S\000A\000L\000\137\000Q\000u\000e\000u\000e\000R\000e\000c\000e\000i\000v\000e\000F\000r\000o\000m\000I\000S\000R\000\050\000\051}{subsection.2.15.3}% 92
\BOOKMARK [3][-]{subsubsection.2.15.3.10}{\376\377\0002\000.\0001\0005\000.\0003\000.\0001\0000\000\040\000O\000S\000A\000L\000\137\000Q\000u\000e\000u\000e\000R\000e\000s\000e\000t\000\050\000\051}{subsection.2.15.3}% 93
\BOOKMARK [3][-]{subsubsection.2.15.3.11}{\376\377\0002\000.\0001\0005\000.\0003\000.\0001\0001\000\040\000O\000S\000A\000L\000\137\000Q\000u\000e\000u\000e\000S\000e\000n\000d\000\050\000\051}{subsection.2.15.3}% 94
\BOOKMARK [3][-]{subsubsection.2.15.3.12}{\376\377\0002\000.\0001\0005\000.\0003\000.\0001\0002\000\040\000O\000S\000A\000L\000\137\000Q\000u\000e\000u\000e\000S\000e\000n\000d\000F\000r\000o\000m\000I\000S\000R\000\050\000\051}{subsection.2.15.3}% 95
\BOOKMARK [1][-]{section.2.16}{\376\377\0002\000.\0001\0006\000\040\000q\000u\000e\000u\000e\000.\000h}{chapter.2}% 96
\BOOKMARK [1][-]{section.2.17}{\376\377\0002\000.\0001\0007\000\040\000o\000s\000a\000l\000/\000s\000e\000m\000a\000p\000h\000o\000r\000e\000.\000c\000\040\000F\000i\000l\000e\000\040\000R\000e\000f\000e\000r\000e\000n\000c\000e}{chapter.2}% 97
\BOOKMARK [2][-]{subsection.2.17.1}{\376\377\0002\000.\0001\0007\000.\0001\000\040\000D\000e\000t\000a\000i\000l\000e\000d\000\040\000D\000e\000s\000c\000r\000i\000p\000t\000i\000o\000n}{section.2.17}% 98
\BOOKMARK [2][-]{subsection.2.17.2}{\376\377\0002\000.\0001\0007\000.\0002\000\040\000F\000u\000n\000c\000t\000i\000o\000n\000\040\000D\000o\000c\000u\000m\000e\000n\000t\000a\000t\000i\000o\000n}{section.2.17}% 99
\BOOKMARK [3][-]{subsubsection.2.17.2.1}{\376\377\0002\000.\0001\0007\000.\0002\000.\0001\000\040\000\137\000\137\000a\000t\000t\000r\000i\000b\000u\000t\000e\000\137\000\137\000\050\000\051}{subsection.2.17.2}% 100
\BOOKMARK [1][-]{section.2.18}{\376\377\0002\000.\0001\0008\000\040\000s\000e\000m\000a\000p\000h\000o\000r\000e\000.\000c}{chapter.2}% 101
\BOOKMARK [1][-]{section.2.19}{\376\377\0002\000.\0001\0009\000\040\000o\000s\000a\000l\000/\000s\000e\000m\000a\000p\000h\000o\000r\000e\000.\000h\000\040\000F\000i\000l\000e\000\040\000R\000e\000f\000e\000r\000e\000n\000c\000e}{chapter.2}% 102
\BOOKMARK [2][-]{subsection.2.19.1}{\376\377\0002\000.\0001\0009\000.\0001\000\040\000D\000e\000t\000a\000i\000l\000e\000d\000\040\000D\000e\000s\000c\000r\000i\000p\000t\000i\000o\000n}{section.2.19}% 103
\BOOKMARK [2][-]{subsection.2.19.2}{\376\377\0002\000.\0001\0009\000.\0002\000\040\000T\000y\000p\000e\000d\000e\000f\000\040\000D\000o\000c\000u\000m\000e\000n\000t\000a\000t\000i\000o\000n}{section.2.19}% 104
\BOOKMARK [3][-]{subsubsection.2.19.2.1}{\376\377\0002\000.\0001\0009\000.\0002\000.\0001\000\040\000o\000s\000a\000l\000\137\000s\000e\000m\000a\000p\000h\000o\000r\000e\000\137\000h\000a\000n\000d\000l\000e\000\137\000t}{subsection.2.19.2}% 105
\BOOKMARK [2][-]{subsection.2.19.3}{\376\377\0002\000.\0001\0009\000.\0003\000\040\000F\000u\000n\000c\000t\000i\000o\000n\000\040\000D\000o\000c\000u\000m\000e\000n\000t\000a\000t\000i\000o\000n}{section.2.19}% 106
\BOOKMARK [3][-]{subsubsection.2.19.3.1}{\376\377\0002\000.\0001\0009\000.\0003\000.\0001\000\040\000O\000S\000A\000L\000\137\000S\000e\000m\000a\000p\000h\000o\000r\000e\000C\000r\000e\000a\000t\000e\000\050\000\051}{subsection.2.19.3}% 107
\BOOKMARK [3][-]{subsubsection.2.19.3.2}{\376\377\0002\000.\0001\0009\000.\0003\000.\0002\000\040\000O\000S\000A\000L\000\137\000S\000e\000m\000a\000p\000h\000o\000r\000e\000C\000r\000e\000a\000t\000e\000B\000i\000n\000a\000r\000y\000\050\000\051}{subsection.2.19.3}% 108
\BOOKMARK [3][-]{subsubsection.2.19.3.3}{\376\377\0002\000.\0001\0009\000.\0003\000.\0003\000\040\000O\000S\000A\000L\000\137\000S\000e\000m\000a\000p\000h\000o\000r\000e\000D\000e\000l\000e\000t\000e\000\050\000\051}{subsection.2.19.3}% 109
\BOOKMARK [3][-]{subsubsection.2.19.3.4}{\376\377\0002\000.\0001\0009\000.\0003\000.\0004\000\040\000O\000S\000A\000L\000\137\000S\000e\000m\000a\000p\000h\000o\000r\000e\000G\000e\000t\000C\000o\000u\000n\000t\000\050\000\051}{subsection.2.19.3}% 110
\BOOKMARK [3][-]{subsubsection.2.19.3.5}{\376\377\0002\000.\0001\0009\000.\0003\000.\0005\000\040\000O\000S\000A\000L\000\137\000S\000e\000m\000a\000p\000h\000o\000r\000e\000G\000i\000v\000e\000\050\000\051}{subsection.2.19.3}% 111
\BOOKMARK [3][-]{subsubsection.2.19.3.6}{\376\377\0002\000.\0001\0009\000.\0003\000.\0006\000\040\000O\000S\000A\000L\000\137\000S\000e\000m\000a\000p\000h\000o\000r\000e\000G\000i\000v\000e\000F\000r\000o\000m\000I\000S\000R\000\050\000\051}{subsection.2.19.3}% 112
\BOOKMARK [3][-]{subsubsection.2.19.3.7}{\376\377\0002\000.\0001\0009\000.\0003\000.\0007\000\040\000O\000S\000A\000L\000\137\000S\000e\000m\000a\000p\000h\000o\000r\000e\000T\000a\000k\000e\000\050\000\051}{subsection.2.19.3}% 113
\BOOKMARK [3][-]{subsubsection.2.19.3.8}{\376\377\0002\000.\0001\0009\000.\0003\000.\0008\000\040\000O\000S\000A\000L\000\137\000S\000e\000m\000a\000p\000h\000o\000r\000e\000T\000r\000y\000T\000a\000k\000e\000\050\000\051}{subsection.2.19.3}% 114
\BOOKMARK [1][-]{section.2.20}{\376\377\0002\000.\0002\0000\000\040\000s\000e\000m\000a\000p\000h\000o\000r\000e\000.\000h}{chapter.2}% 115
\BOOKMARK [1][-]{section.2.21}{\376\377\0002\000.\0002\0001\000\040\000o\000s\000a\000l\000/\000t\000a\000s\000k\000.\000c\000\040\000F\000i\000l\000e\000\040\000R\000e\000f\000e\000r\000e\000n\000c\000e}{chapter.2}% 116
\BOOKMARK [2][-]{subsection.2.21.1}{\376\377\0002\000.\0002\0001\000.\0001\000\040\000D\000e\000t\000a\000i\000l\000e\000d\000\040\000D\000e\000s\000c\000r\000i\000p\000t\000i\000o\000n}{section.2.21}% 117
\BOOKMARK [2][-]{subsection.2.21.2}{\376\377\0002\000.\0002\0001\000.\0002\000\040\000F\000u\000n\000c\000t\000i\000o\000n\000\040\000D\000o\000c\000u\000m\000e\000n\000t\000a\000t\000i\000o\000n}{section.2.21}% 118
\BOOKMARK [3][-]{subsubsection.2.21.2.1}{\376\377\0002\000.\0002\0001\000.\0002\000.\0001\000\040\000\137\000\137\000a\000t\000t\000r\000i\000b\000u\000t\000e\000\137\000\137\000\050\000\051}{subsection.2.21.2}% 119
\BOOKMARK [1][-]{section.2.22}{\376\377\0002\000.\0002\0002\000\040\000t\000a\000s\000k\000.\000c}{chapter.2}% 120
\BOOKMARK [1][-]{section.2.23}{\376\377\0002\000.\0002\0003\000\040\000o\000s\000a\000l\000/\000t\000a\000s\000k\000.\000h\000\040\000F\000i\000l\000e\000\040\000R\000e\000f\000e\000r\000e\000n\000c\000e}{chapter.2}% 121
\BOOKMARK [2][-]{subsection.2.23.1}{\376\377\0002\000.\0002\0003\000.\0001\000\040\000D\000e\000t\000a\000i\000l\000e\000d\000\040\000D\000e\000s\000c\000r\000i\000p\000t\000i\000o\000n}{section.2.23}% 122
\BOOKMARK [2][-]{subsection.2.23.2}{\376\377\0002\000.\0002\0003\000.\0002\000\040\000F\000u\000n\000c\000t\000i\000o\000n\000\040\000D\000o\000c\000u\000m\000e\000n\000t\000a\000t\000i\000o\000n}{section.2.23}% 123
\BOOKMARK [3][-]{subsubsection.2.23.2.1}{\376\377\0002\000.\0002\0003\000.\0002\000.\0001\000\040\000S\000P\000P\000\137\000O\000S\000A\000L\000\137\000G\000e\000t\000T\000a\000s\000k\000S\000t\000o\000r\000a\000g\000e\000\050\000\051}{subsection.2.23.2}% 124
\BOOKMARK [3][-]{subsubsection.2.23.2.2}{\376\377\0002\000.\0002\0003\000.\0002\000.\0002\000\040\000S\000P\000P\000\137\000O\000S\000A\000L\000\137\000T\000a\000s\000k\000C\000r\000e\000a\000t\000e\000\050\000\051}{subsection.2.23.2}% 125
\BOOKMARK [3][-]{subsubsection.2.23.2.3}{\376\377\0002\000.\0002\0003\000.\0002\000.\0003\000\040\000S\000P\000P\000\137\000O\000S\000A\000L\000\137\000T\000a\000s\000k\000D\000e\000l\000e\000t\000e\000\050\000\051}{subsection.2.23.2}% 126
\BOOKMARK [1][-]{section.2.24}{\376\377\0002\000.\0002\0004\000\040\000t\000a\000s\000k\000.\000h}{chapter.2}% 127
\BOOKMARK [0][-]{section*.37}{\376\377\000I\000n\000d\000e\000x}{}% 128
